<?xml version="1.0" encoding="UTF-8"?>
<migDataDictionary xmlns="http://www.lib.washington.edu/msd/mig/schemas/dataDictionaries"
    xmlns:xi="http://www.w3.org/2001/XInclude" xmlns:xsi="http://www.w3.org/2001/XMLSchema-instance"
    id="0001"
    xsi:schemaLocation="http://www.lib.washington.edu/msd/mig/schemas/dataDictionaries http://faculty.washington.edu/tgis/schemasProject/xsd4md/schema-4-dds.xsd">
    <ddName>Alaska Yukon Pacific Exposition Photographs</ddName>
    <ddPartOfProject/>
    <originalCreationDate>2017-02-22</originalCreationDate>
    <latestUpdate>2017-10-26</latestUpdate>
    <metadataLiaisons>
        <metadataLiaison>TBD</metadataLiaison>
    </metadataLiaisons>
    <cdmCo>no</cdmCo>
    <standalone>yes</standalone>
    <cdmCode>ayp</cdmCode>
    <properties>
        <xi:include href="title.xml"/>
        <xi:include href="photographer.xml"/>
        <xi:include href="dateEdtf.xml"/>
        <xi:include href="date.xml"/>
        <xi:include href="dates.xml"/>
        <xi:include href="notes.xml"/>
        <xi:include href="subjectsLctgm.xml"/>
        <xi:include href="subjectsLcsh.xml"/>
        <xi:include href="locationDepicted.xml"/>
        <xi:include href="digitalCollection.xml"/>
        <xi:include href="orderNumber.xml"/>
        <xi:include href="orderingInformation.xml"/>
        <xi:include href="citationInformation.xml"/>
        <xi:include href="negativeNumber.xml"/>
        <xi:include href="repository.xml"/>
        <xi:include href="repositoryCollection.xml"/>
        <xi:include href="objectType.xml"/>
        <xi:include href="physicalDescription.xml"/>
        <xi:include href="digitalReproductionInformation.xml"/>
        <xi:include href="studioName.xml"/>
        <xi:include href="studioLocation.xml"/>
        <xi:include href="photographersReferenceNumber.xml"/>
        <xi:include href="contributor.xml"/>
        <xi:include href="acquisition.xml"/>
        <xi:include href="restrictions.xml"/>
        <xi:include href="rightsUri.xml"/>
        <xi:include href="type.xml"/>
        <xi:include href="institution.xml"/>
        <xi:include href="cataloging.xml"/>
        <xi:include href="itemUrl.xml"/>
        <xi:include href="oclcNumber.xml"/>
        <xi:include href="dateCreated.xml"/>
        <xi:include href="dateModified.xml"/>
        <xi:include href="cdmNumber.xml"/>
        <xi:include href="cdmFilename.xml"/>
        <xi:include href="cdmFilePath.xml"/>
    </properties>
</migDataDictionary>
